2025-05-07 16:49:35 - app.main - INFO - Initializing database...
2025-05-07 16:49:35 - app.db.init_db - INFO - Created table for Faculty
2025-05-07 16:49:35 - app.db.init_db - INFO - Created table for Teacher
2025-05-07 16:49:35 - app.db.init_db - INFO - Created table for Class
2025-05-07 16:49:35 - app.db.init_db - INFO - Created table for Student
2025-05-07 16:49:35 - app.db.init_db - INFO - Created table for Subject
2025-05-07 16:49:35 - app.db.init_db - INFO - Created table for Grade
2025-05-07 16:49:35 - app.db.init_db - INFO - Created table for Account
2025-05-07 16:49:35 - app.db.init_db - INFO - Database initialization completed successfully
2025-05-07 16:49:35 - app.main - INFO - Database initialized successfully
2025-05-07 16:49:58 - app.main - INFO - Shutting down application...
2025-05-07 10:09:53 - app.main - INFO - Initializing database...
2025-05-07 10:09:53 - app.db.init_db - ERROR - Error initializing database: Multiple exceptions: [Errno 111] Connect call failed ('::1', 5432, 0, 0), [Errno 111] Connect call failed ('127.0.0.1', 5432)
2025-05-07 10:11:49 - app.main - INFO - Initializing database...
2025-05-07 10:11:49 - app.db.init_db - ERROR - Error initializing database: Multiple exceptions: [Errno 111] Connect call failed ('::1', 5432, 0, 0), [Errno 111] Connect call failed ('127.0.0.1', 5432)
2025-05-07 10:13:02 - app.main - INFO - Initializing database...
2025-05-07 10:13:02 - app.db.init_db - ERROR - Error initializing database: Multiple exceptions: [Errno 111] Connect call failed ('::1', 5432, 0, 0), [Errno 111] Connect call failed ('127.0.0.1', 5432)
2025-05-07 10:15:20 - app.main - INFO - Initializing database...
2025-05-07 10:15:20 - app.db.init_db - INFO - Created table for Faculty
2025-05-07 10:15:20 - app.db.init_db - INFO - Created table for Teacher
2025-05-07 10:15:20 - app.db.init_db - INFO - Created table for Class
2025-05-07 10:15:20 - app.db.init_db - ERROR - Error initializing database: relation "accounts" does not exist
2025-05-07 10:16:27 - app.main - INFO - Initializing database...
